["◎ Checking portfolio"]
KST:{"cross":false,"direction":"none"}["◎ Getting price data from: https://api.coingecko.com/api/v3/coins/bitcoin/market_chart/range?vs_currency=usd&from=1697046871&to=1704822871"]
["ℹ Got 2159 data points"]
["ℹ Prediction for Tue Jan 09 2024 18:02:10 GMT+0100 (Ora standard dell’Europa centrale): 46407.49609375"]
["◎  🌐 Actual price:"]
["✓ 46932.086368230106"]
["◎  📈 Predicted price:"]
["✓ 46407.49609375"]
Signal AI:downKST trend:noneKST cross:falseTrend:trueSelected weights:[0m{"0x53E0bca35eC356BD5ddDFebbD1Fc0fD03FaBad39":1250,"0x7ceb23fd6bc0add59e62ac25578270cff1b9f619":1000,"0x1BFD67037B42Cf73acF2047067bd4F2C47D9BfD6":2500,"0xb33eaad8d922b1083446dc23f610c2567fb5180f":1000,"0xd6df932a45c0f255f85145f286ea0b292b21c90b":1000,"0x0d500b1d8e8ef31e21c99d1db9a6444d3adf1270":1000,"0x9c2C5fd7b07E95EE044DDeba0E97a665F142394f":500,"0x172370d5cd63279efa6d502dab29171933a610af":1000,"0xc3c7d422809852031b44ab29eec9f1eff2a58756":500,"0x2791Bca1f2de4661ED88A30C99A7a9449Aa84174":250}[0m["◎ **************************************************************************"]
Rebalance Portfolio
[0mCheck Gas and Recharge
[0m["✓ Address: 0x84F07be28ecd5b29Df340be8b065A6113a8e893e has 3.373083603064428404 MATIC"]
["✓ Address: 0x84F07be28ecd5b29Df340be8b065A6113a8e893e has 18.465866613897656543 WMATIC"]
["✓ Address: 0x84F07be28ecd5b29Df340be8b065A6113a8e893e has 1.471784 USDC"]
BALANCE WNATIVE18.465866613897656543BALANCE NATIVE3.373083603064428404["◎ Fee recharge operation completed"]
["✓ Address: 0x84F07be28ecd5b29Df340be8b065A6113a8e893e has 1.471784 USDC"]
Balance Yearn[0m1[0myvUSDC-A[0mBalance in vault[0m1125354[0mBalance in USDT[0m1092998[0mAccured interest[0m32356[0mUSDC[0m["✓ Accured interest Calculation DONE!"]
Difference Interest from last cycle[0m0.032356[0mTotal Portfolio Value (in USDT) at Start: [0m2.564782[0m["✓ Address: 0x84F07be28ecd5b29Df340be8b065A6113a8e893e has 1.530160779690982446 LINK"]
Token Symbol: LINK[0mToken: 0x53E0bca35eC356BD5ddDFebbD1Fc0fD03FaBad39[0mBalance:1.530160779690982446[0mPrice:13.352767671594217[0mValue:20.431881391399151323[0m["✓ Address: 0x84F07be28ecd5b29Df340be8b065A6113a8e893e has 0.007460346337505421 WETH"]
Token Symbol: WETH[0mToken: 0x7ceb23fd6bc0add59e62ac25578270cff1b9f619[0mBalance:0.007460346337505421[0mPrice:2224.6048150398256[0mValue:16.596322384279287414[0m["✓ Address: 0x84F07be28ecd5b29Df340be8b065A6113a8e893e has 0.00090589 WBTC"]
Token Symbol: WBTC[0mToken: 0x1BFD67037B42Cf73acF2047067bd4F2C47D9BfD6[0mBalance:0.00090589[0mPrice:45891.95307900929[0mValue:41.573061374743725718[0m["✓ Address: 0x84F07be28ecd5b29Df340be8b065A6113a8e893e has 2.940792868586928906 UNI"]
Token Symbol: UNI[0mToken: 0xb33eaad8d922b1083446dc23f610c2567fb5180f[0mBalance:2.940792868586928906[0mPrice:5.704226663523076[0mValue:16.774949092892073169[0m["✓ Address: 0x84F07be28ecd5b29Df340be8b065A6113a8e893e has 0.176708036439800249 AAVE"]
Token Symbol: AAVE[0mToken: 0xd6df932a45c0f255f85145f286ea0b292b21c90b[0mBalance:0.176708036439800249[0mPrice:92.3837941773094[0mValue:16.324958867930995521[0m["✓ Address: 0x84F07be28ecd5b29Df340be8b065A6113a8e893e has 18.465866613897656543 WMATIC"]
Token Symbol: WMATIC[0mToken: 0x0d500b1d8e8ef31e21c99d1db9a6444d3adf1270[0mBalance:18.465866613897656543[0mPrice:0.777194[0mValue:14.351560737121575279[0m["✓ Address: 0x84F07be28ecd5b29Df340be8b065A6113a8e893e has 16.167992733012224907 1INCH"]
Token Symbol: 1INCH[0mToken: 0x9c2C5fd7b07E95EE044DDeba0E97a665F142394f[0mBalance:16.167992733012224907[0mPrice:0.4050763263385653[0mValue:6.549271100557212288[0m["✓ Address: 0x84F07be28ecd5b29Df340be8b065A6113a8e893e has 33.521164248030287024 CRV"]
Token Symbol: CRV[0mToken: 0x172370d5cd63279efa6d502dab29171933a610af[0mBalance:33.521164248030287024[0mPrice:0.4959601221644688[0mValue:16.62516071554832507[0m["✓ Address: 0x84F07be28ecd5b29Df340be8b065A6113a8e893e has 2.55644821920662893 LDO"]
Token Symbol: LDO[0mToken: 0xc3c7d422809852031b44ab29eec9f1eff2a58756[0mBalance:2.55644821920662893[0mPrice:3.2409027854352184[0mValue:8.285200154447667493[0m["✓ Address: 0x84F07be28ecd5b29Df340be8b065A6113a8e893e has 1.471784 USDC"]
Total Portfolio Value (in USDT): [0m162.706641818920013275[0m["✓ Address: 0x84F07be28ecd5b29Df340be8b065A6113a8e893e has 1.530160779690982446 LINK"]
Token: 0x53E0bca35eC356BD5ddDFebbD1Fc0fD03FaBad39[0mCurrent Allocation: 1255%[0mDifference: -5%[0mValue (USD): 20.431881391399151323[0mValue to Rebalance (USD): 0.081353320909460006[0mBalance: 1.530160779690982446 LINK[0m["✓ Address: 0x84F07be28ecd5b29Df340be8b065A6113a8e893e has 0.007460346337505421 WETH"]
Token: 0x7ceb23fd6bc0add59e62ac25578270cff1b9f619[0mCurrent Allocation: 1020%[0mDifference: -20%[0mValue (USD): 16.596322384279287414[0mValue to Rebalance (USD): 0.325413283637840026[0mBalance: 0.007460346337505421 WETH[0m["✓ Address: 0x84F07be28ecd5b29Df340be8b065A6113a8e893e has 0.00090589 WBTC"]
Token: 0x1BFD67037B42Cf73acF2047067bd4F2C47D9BfD6[0mCurrent Allocation: 2555%[0mDifference: -55%[0mValue (USD): 41.573061374743725718[0mValue to Rebalance (USD): 0.894886530004060073[0mBalance: 0.00090589 WBTC[0m["✓ Address: 0x84F07be28ecd5b29Df340be8b065A6113a8e893e has 2.940792868586928906 UNI"]
Token: 0xb33eaad8d922b1083446dc23f610c2567fb5180f[0mCurrent Allocation: 1030%[0mDifference: -30%[0mValue (USD): 16.774949092892073169[0mValue to Rebalance (USD): 0.488119925456760039[0mBalance: 2.940792868586928906 UNI[0m["✓ Address: 0x84F07be28ecd5b29Df340be8b065A6113a8e893e has 0.176708036439800249 AAVE"]
Token: 0xd6df932a45c0f255f85145f286ea0b292b21c90b[0mCurrent Allocation: 1003%[0mDifference: -3%[0mValue (USD): 16.324958867930995521[0mValue to Rebalance (USD): 0.048811992545676003[0mBalance: 0.176708036439800249 AAVE[0m["✓ Address: 0x84F07be28ecd5b29Df340be8b065A6113a8e893e has 18.465866613897656543 WMATIC"]
Token: 0x0d500b1d8e8ef31e21c99d1db9a6444d3adf1270[0mCurrent Allocation: 882%[0mDifference: 118%[0mValue (USD): 14.351560737121575279[0mValue to Rebalance (USD): 1.919938373463256156[0mBalance: 18.465866613897656543 WMATIC[0m["✓ Address: 0x84F07be28ecd5b29Df340be8b065A6113a8e893e has 16.167992733012224907 1INCH"]
Token: 0x9c2C5fd7b07E95EE044DDeba0E97a665F142394f[0mCurrent Allocation: 402%[0mDifference: 98%[0mValue (USD): 6.549271100557212288[0mValue to Rebalance (USD): 1.59452508982541613[0mBalance: 16.167992733012224907 1INCH[0m["✓ Address: 0x84F07be28ecd5b29Df340be8b065A6113a8e893e has 33.521164248030287024 CRV"]
Token: 0x172370d5cd63279efa6d502dab29171933a610af[0mCurrent Allocation: 1021%[0mDifference: -21%[0mValue (USD): 16.62516071554832507[0mValue to Rebalance (USD): 0.341683947819732027[0mBalance: 33.521164248030287024 CRV[0m["✓ Address: 0x84F07be28ecd5b29Df340be8b065A6113a8e893e has 2.55644821920662893 LDO"]
Token: 0xc3c7d422809852031b44ab29eec9f1eff2a58756[0mCurrent Allocation: 509%[0mDifference: -9%[0mValue (USD): 8.285200154447667493[0mValue to Rebalance (USD): 0.146435977637028011[0mBalance: 2.55644821920662893 LDO[0m["✓ Address: 0x84F07be28ecd5b29Df340be8b065A6113a8e893e has 1.471784 USDC"]
Token: 0x2791Bca1f2de4661ED88A30C99A7a9449Aa84174[0mCurrent Allocation: 161%[0mDifference: 89%[0mValue (USD): 2.629494[0mValue to Rebalance (USD): 1.448089112188388118[0mBalance: 1.471784 USDC[0m["ℹ Selling 0.000000000000001952 worth of 0x1BFD67037B42Cf73acF2047067bd4F2C47D9BfD6"]
Getting RSI for:BTCRSI:48.71StochasticRSI:47.520401757689896["⚠ Waiting for StochRSI overBought"]
["✓ Address: 0x84F07be28ecd5b29Df340be8b065A6113a8e893e has 1.471784 USDC"]
["ℹ Buying 1.919938 USDC worth of 0x0d500b1d8e8ef31e21c99d1db9a6444d3adf1270"]
Getting RSI for:MATICRSI:48.64StochasticRSI:59.131545338441896["✓ Address: 0x84F07be28ecd5b29Df340be8b065A6113a8e893e has 1.471784 USDC"]
Amount to Swap 1151962[0mUsd Balance 1471784[0m["⚠ Waiting for StochRSI OverSold"]
["ℹ Buying 1.594525 USDC worth of 0x9c2C5fd7b07E95EE044DDeba0E97a665F142394f"]
Getting RSI for:1INCHRSI:36.23StochasticRSI:33.07692307692306["✓ Address: 0x84F07be28ecd5b29Df340be8b065A6113a8e893e has 1.471784 USDC"]
Amount to Swap 956715[0mUsd Balance 1471784[0m["⚠ Waiting for StochRSI OverSold"]
["◎ SKIP USDC BUY"]
["✓ Rebalance completed."]
["◎ Checking portfolio"]
KST:{"cross":false,"direction":"none"}["◎ Getting price data from: https://api.coingecko.com/api/v3/coins/bitcoin/market_chart/range?vs_currency=usd&from=1697047265&to=1704823265"]
["ℹ Got 2159 data points"]
["ℹ Prediction for Tue Jan 09 2024 19:00:40 GMT+0100 (Ora standard dell’Europa centrale): 46494.6171875"]
["◎  🌐 Actual price:"]
["✓ 46806.0321359157"]
["◎  📈 Predicted price:"]
["✓ 46494.6171875"]
Signal AI:downKST trend:noneKST cross:falseTrend:trueSelected weights:[0m{"0x53E0bca35eC356BD5ddDFebbD1Fc0fD03FaBad39":1250,"0x7ceb23fd6bc0add59e62ac25578270cff1b9f619":1000,"0x1BFD67037B42Cf73acF2047067bd4F2C47D9BfD6":2500,"0xb33eaad8d922b1083446dc23f610c2567fb5180f":1000,"0xd6df932a45c0f255f85145f286ea0b292b21c90b":1000,"0x0d500b1d8e8ef31e21c99d1db9a6444d3adf1270":1000,"0x9c2C5fd7b07E95EE044DDeba0E97a665F142394f":500,"0x172370d5cd63279efa6d502dab29171933a610af":1000,"0xc3c7d422809852031b44ab29eec9f1eff2a58756":500,"0x2791Bca1f2de4661ED88A30C99A7a9449Aa84174":250}[0m["◎ **************************************************************************"]
Rebalance Portfolio
[0mCheck Gas and Recharge
[0m["✓ Address: 0x84F07be28ecd5b29Df340be8b065A6113a8e893e has 3.373083603064428404 MATIC"]
["✓ Address: 0x84F07be28ecd5b29Df340be8b065A6113a8e893e has 18.465866613897656543 WMATIC"]
["✓ Address: 0x84F07be28ecd5b29Df340be8b065A6113a8e893e has 1.471784 USDC"]
BALANCE WNATIVE18.465866613897656543BALANCE NATIVE3.373083603064428404["◎ Fee recharge operation completed"]
["✓ Address: 0x84F07be28ecd5b29Df340be8b065A6113a8e893e has 1.471784 USDC"]
Balance Yearn[0m1[0myvUSDC-A[0mBalance in vault[0m1125354[0mBalance in USDT[0m1092993[0mAccured interest[0m32361[0mUSDC[0m["✓ Accured interest Calculation DONE!"]
Difference Interest from last cycle[0m0.032361[0mTotal Portfolio Value (in USDT) at Start: [0m2.564777[0m["✓ Address: 0x84F07be28ecd5b29Df340be8b065A6113a8e893e has 1.530160779690982446 LINK"]
Token Symbol: LINK[0mToken: 0x53E0bca35eC356BD5ddDFebbD1Fc0fD03FaBad39[0mBalance:1.530160779690982446[0mPrice:13.34227070112264[0mValue:20.415819338877969841[0m["✓ Address: 0x84F07be28ecd5b29Df340be8b065A6113a8e893e has 0.007460346337505421 WETH"]
Token Symbol: WETH[0mToken: 0x7ceb23fd6bc0add59e62ac25578270cff1b9f619[0mBalance:0.007460346337505421[0mPrice:2222.728441725504[0mValue:16.582323989495995357[0m["✓ Address: 0x84F07be28ecd5b29Df340be8b065A6113a8e893e has 0.00090589 WBTC"]
Token Symbol: WBTC[0mToken: 0x1BFD67037B42Cf73acF2047067bd4F2C47D9BfD6[0mBalance:0.00090589[0mPrice:45850.07918984483[0mValue:41.535128237288533048[0m["✓ Address: 0x84F07be28ecd5b29Df340be8b065A6113a8e893e has 2.940792868586928906 UNI"]
Token Symbol: UNI[0mToken: 0xb33eaad8d922b1083446dc23f610c2567fb5180f[0mBalance:2.940792868586928906[0mPrice:5.692073577222481[0mValue:16.739209383367961891[0m["✓ Address: 0x84F07be28ecd5b29Df340be8b065A6113a8e893e has 0.176708036439800249 AAVE"]
Token Symbol: AAVE[0mToken: 0xd6df932a45c0f255f85145f286ea0b292b21c90b[0mBalance:0.176708036439800249[0mPrice:92.23669622484854[0mValue:16.298965477587321867[0m["✓ Address: 0x84F07be28ecd5b29Df340be8b065A6113a8e893e has 18.465866613897656543 WMATIC"]
Token Symbol: WMATIC[0mToken: 0x0d500b1d8e8ef31e21c99d1db9a6444d3adf1270[0mBalance:18.465866613897656543[0mPrice:0.77706[0mValue:14.349086310995312993[0m["✓ Address: 0x84F07be28ecd5b29Df340be8b065A6113a8e893e has 16.167992733012224907 1INCH"]
Token Symbol: 1INCH[0mToken: 0x9c2C5fd7b07E95EE044DDeba0E97a665F142394f[0mBalance:16.167992733012224907[0mPrice:0.40491545254124617[0mValue:6.546670094171224513[0m["✓ Address: 0x84F07be28ecd5b29Df340be8b065A6113a8e893e has 33.521164248030287024 CRV"]
Token Symbol: CRV[0mToken: 0x172370d5cd63279efa6d502dab29171933a610af[0mBalance:33.521164248030287024[0mPrice:0.4956470037436999[0mValue:16.614664621536646915[0m["✓ Address: 0x84F07be28ecd5b29Df340be8b065A6113a8e893e has 2.55644821920662893 LDO"]
Token Symbol: LDO[0mToken: 0xc3c7d422809852031b44ab29eec9f1eff2a58756[0mBalance:2.55644821920662893[0mPrice:3.239776142297884[0mValue:8.282319949605547596[0m["✓ Address: 0x84F07be28ecd5b29Df340be8b065A6113a8e893e has 1.471784 USDC"]
Total Portfolio Value (in USDT): [0m162.558463402926514021[0m["✓ Address: 0x84F07be28ecd5b29Df340be8b065A6113a8e893e has 1.530160779690982446 LINK"]
Token: 0x53E0bca35eC356BD5ddDFebbD1Fc0fD03FaBad39[0mCurrent Allocation: 1255%[0mDifference: -5%[0mValue (USD): 20.415819338877969841[0mValue to Rebalance (USD): 0.081279231701463257[0mBalance: 1.530160779690982446 LINK[0m["✓ Address: 0x84F07be28ecd5b29Df340be8b065A6113a8e893e has 0.007460346337505421 WETH"]
Token: 0x7ceb23fd6bc0add59e62ac25578270cff1b9f619[0mCurrent Allocation: 1020%[0mDifference: -20%[0mValue (USD): 16.582323989495995357[0mValue to Rebalance (USD): 0.325116926805853028[0mBalance: 0.007460346337505421 WETH[0m["✓ Address: 0x84F07be28ecd5b29Df340be8b065A6113a8e893e has 0.00090589 WBTC"]
Token: 0x1BFD67037B42Cf73acF2047067bd4F2C47D9BfD6[0mCurrent Allocation: 2555%[0mDifference: -55%[0mValue (USD): 41.535128237288533048[0mValue to Rebalance (USD): 0.894071548716095827[0mBalance: 0.00090589 WBTC[0m["✓ Address: 0x84F07be28ecd5b29Df340be8b065A6113a8e893e has 2.940792868586928906 UNI"]
Token: 0xb33eaad8d922b1083446dc23f610c2567fb5180f[0mCurrent Allocation: 1029%[0mDifference: -29%[0mValue (USD): 16.739209383367961891[0mValue to Rebalance (USD): 0.47141954386848689[0mBalance: 2.940792868586928906 UNI[0m["✓ Address: 0x84F07be28ecd5b29Df340be8b065A6113a8e893e has 0.176708036439800249 AAVE"]
Token: 0xd6df932a45c0f255f85145f286ea0b292b21c90b[0mCurrent Allocation: 1002%[0mDifference: -2%[0mValue (USD): 16.298965477587321867[0mValue to Rebalance (USD): 0.032511692680585302[0mBalance: 0.176708036439800249 AAVE[0m["✓ Address: 0x84F07be28ecd5b29Df340be8b065A6113a8e893e has 18.465866613897656543 WMATIC"]
Token: 0x0d500b1d8e8ef31e21c99d1db9a6444d3adf1270[0mCurrent Allocation: 882%[0mDifference: 118%[0mValue (USD): 14.349086310995312993[0mValue to Rebalance (USD): 1.918189868154532865[0mBalance: 18.465866613897656543 WMATIC[0m["✓ Address: 0x84F07be28ecd5b29Df340be8b065A6113a8e893e has 16.167992733012224907 1INCH"]
Token: 0x9c2C5fd7b07E95EE044DDeba0E97a665F142394f[0mCurrent Allocation: 402%[0mDifference: 98%[0mValue (USD): 6.546670094171224513[0mValue to Rebalance (USD): 1.593072941348679837[0mBalance: 16.167992733012224907 1INCH[0m["✓ Address: 0x84F07be28ecd5b29Df340be8b065A6113a8e893e has 33.521164248030287024 CRV"]
Token: 0x172370d5cd63279efa6d502dab29171933a610af[0mCurrent Allocation: 1022%[0mDifference: -22%[0mValue (USD): 16.614664621536646915[0mValue to Rebalance (USD): 0.35762861948643833[0mBalance: 33.521164248030287024 CRV[0m["✓ Address: 0x84F07be28ecd5b29Df340be8b065A6113a8e893e has 2.55644821920662893 LDO"]
Token: 0xc3c7d422809852031b44ab29eec9f1eff2a58756[0mCurrent Allocation: 509%[0mDifference: -9%[0mValue (USD): 8.282319949605547596[0mValue to Rebalance (USD): 0.146302617062633862[0mBalance: 2.55644821920662893 LDO[0m["✓ Address: 0x84F07be28ecd5b29Df340be8b065A6113a8e893e has 1.471784 USDC"]
Token: 0x2791Bca1f2de4661ED88A30C99A7a9449Aa84174[0mCurrent Allocation: 161%[0mDifference: 89%[0mValue (USD): 2.629499[0mValue to Rebalance (USD): 1.446770324286045974[0mBalance: 1.471784 USDC[0m["ℹ Selling 0.000000000000001948 worth of 0x1BFD67037B42Cf73acF2047067bd4F2C47D9BfD6"]
Getting RSI for:BTCRSI:41.52StochasticRSI:32.831136220966755["⚠ Waiting for StochRSI overBought"]
["✓ Address: 0x84F07be28ecd5b29Df340be8b065A6113a8e893e has 1.471784 USDC"]
["ℹ Buying 1.918189 USDC worth of 0x0d500b1d8e8ef31e21c99d1db9a6444d3adf1270"]
Getting RSI for:MATICRSI:61.78StochasticRSI:80.77905491698596["✓ Address: 0x84F07be28ecd5b29Df340be8b065A6113a8e893e has 1.471784 USDC"]
Amount to Swap 1150913[0mUsd Balance 1471784[0m["⚠ Waiting for StochRSI OverSold"]
["ℹ Buying 1.593072 USDC worth of 0x9c2C5fd7b07E95EE044DDeba0E97a665F142394f"]
Getting RSI for:1INCHRSI:50.81StochasticRSI:73.36538461538466["✓ Address: 0x84F07be28ecd5b29Df340be8b065A6113a8e893e has 1.471784 USDC"]
Amount to Swap 955843[0mUsd Balance 1471784[0m["⚠ Waiting for StochRSI OverSold"]
["◎ SKIP USDC BUY"]
["✓ Rebalance completed."]
["◎ Checking portfolio"]
KST:{"cross":false,"direction":"none"}["◎ Getting price data from: https://api.coingecko.com/api/v3/coins/bitcoin/market_chart/range?vs_currency=usd&from=1697047418&to=1704823418"]
["ℹ Got 2159 data points"]
["ℹ Prediction for Tue Jan 09 2024 19:00:40 GMT+0100 (Ora standard dell’Europa centrale): 46466.578125"]
["◎  🌐 Actual price:"]
["✓ 46806.0321359157"]
["◎  📈 Predicted price:"]
["✓ 46466.578125"]
Signal AI:downKST trend:noneKST cross:falseTrend:trueSelected weights:[0m{"0x53E0bca35eC356BD5ddDFebbD1Fc0fD03FaBad39":1250,"0x7ceb23fd6bc0add59e62ac25578270cff1b9f619":1000,"0x1BFD67037B42Cf73acF2047067bd4F2C47D9BfD6":2500,"0xb33eaad8d922b1083446dc23f610c2567fb5180f":1000,"0xd6df932a45c0f255f85145f286ea0b292b21c90b":1000,"0x0d500b1d8e8ef31e21c99d1db9a6444d3adf1270":1000,"0x9c2C5fd7b07E95EE044DDeba0E97a665F142394f":500,"0x172370d5cd63279efa6d502dab29171933a610af":1000,"0xc3c7d422809852031b44ab29eec9f1eff2a58756":500,"0x2791Bca1f2de4661ED88A30C99A7a9449Aa84174":250}[0m["◎ **************************************************************************"]
Rebalance Portfolio
[0mCheck Gas and Recharge
[0m["✓ Address: 0x84F07be28ecd5b29Df340be8b065A6113a8e893e has 3.373083603064428404 MATIC"]
["✓ Address: 0x84F07be28ecd5b29Df340be8b065A6113a8e893e has 18.465866613897656543 WMATIC"]
["✓ Address: 0x84F07be28ecd5b29Df340be8b065A6113a8e893e has 1.471784 USDC"]
BALANCE WNATIVE18.465866613897656543BALANCE NATIVE3.373083603064428404["◎ Fee recharge operation completed"]
["✓ Address: 0x84F07be28ecd5b29Df340be8b065A6113a8e893e has 1.471784 USDC"]
Balance Yearn[0m1[0myvUSDC-A[0mBalance in vault[0m1125354[0mBalance in USDT[0m1092992[0mAccured interest[0m32362[0mUSDC[0m["✓ Accured interest Calculation DONE!"]
Difference Interest from last cycle[0m0.032362[0mTotal Portfolio Value (in USDT) at Start: [0m2.564776[0m["✓ Address: 0x84F07be28ecd5b29Df340be8b065A6113a8e893e has 1.530160779690982446 LINK"]
Token Symbol: LINK[0mToken: 0x53E0bca35eC356BD5ddDFebbD1Fc0fD03FaBad39[0mBalance:1.530160779690982446[0mPrice:13.363419066934522[0mValue:20.448179738797869319[0m["✓ Address: 0x84F07be28ecd5b29Df340be8b065A6113a8e893e has 0.007460346337505421 WETH"]
Token Symbol: WETH[0mToken: 0x7ceb23fd6bc0add59e62ac25578270cff1b9f619[0mBalance:0.007460346337505421[0mPrice:2222.6595336085065[0mValue:16.581809911077728663[0m["✓ Address: 0x84F07be28ecd5b29Df340be8b065A6113a8e893e has 0.00090589 WBTC"]
Token Symbol: WBTC[0mToken: 0x1BFD67037B42Cf73acF2047067bd4F2C47D9BfD6[0mBalance:0.00090589[0mPrice:45842.73269772646[0mValue:41.528473123543422849[0m["✓ Address: 0x84F07be28ecd5b29Df340be8b065A6113a8e893e has 2.940792868586928906 UNI"]
Token Symbol: UNI[0mToken: 0xb33eaad8d922b1083446dc23f610c2567fb5180f[0mBalance:2.940792868586928906[0mPrice:5.6942065417753485[0mValue:16.745481990313983343[0m["✓ Address: 0x84F07be28ecd5b29Df340be8b065A6113a8e893e has 0.176708036439800249 AAVE"]
Token Symbol: AAVE[0mToken: 0xd6df932a45c0f255f85145f286ea0b292b21c90b[0mBalance:0.176708036439800249[0mPrice:92.28509433217482[0mValue:16.307517812100351517[0m["✓ Address: 0x84F07be28ecd5b29Df340be8b065A6113a8e893e has 18.465866613897656543 WMATIC"]
Token Symbol: WMATIC[0mToken: 0x0d500b1d8e8ef31e21c99d1db9a6444d3adf1270[0mBalance:18.465866613897656543[0mPrice:0.777507[0mValue:14.357340553371725245[0m["✓ Address: 0x84F07be28ecd5b29Df340be8b065A6113a8e893e has 16.167992733012224907 1INCH"]
Token Symbol: 1INCH[0mToken: 0x9c2C5fd7b07E95EE044DDeba0E97a665F142394f[0mBalance:16.167992733012224907[0mPrice:0.40525024327022036[0mValue:6.552082988244359082[0m["✓ Address: 0x84F07be28ecd5b29Df340be8b065A6113a8e893e has 33.521164248030287024 CRV"]
Token Symbol: CRV[0mToken: 0x172370d5cd63279efa6d502dab29171933a610af[0mBalance:33.521164248030287024[0mPrice:0.495945237110397[0mValue:16.62466175120594345[0m["✓ Address: 0x84F07be28ecd5b29Df340be8b065A6113a8e893e has 2.55644821920662893 LDO"]
Token Symbol: LDO[0mToken: 0xc3c7d422809852031b44ab29eec9f1eff2a58756[0mBalance:2.55644821920662893[0mPrice:3.2482323701809204[0mValue:8.303937858318341443[0m["✓ Address: 0x84F07be28ecd5b29Df340be8b065A6113a8e893e has 1.471784 USDC"]
Total Portfolio Value (in USDT): [0m162.643761726973724911[0m["✓ Address: 0x84F07be28ecd5b29Df340be8b065A6113a8e893e has 1.530160779690982446 LINK"]
Token: 0x53E0bca35eC356BD5ddDFebbD1Fc0fD03FaBad39[0mCurrent Allocation: 1257%[0mDifference: -7%[0mValue (USD): 20.448179738797869319[0mValue to Rebalance (USD): 0.113850633208881607[0mBalance: 1.530160779690982446 LINK[0m["✓ Address: 0x84F07be28ecd5b29Df340be8b065A6113a8e893e has 0.007460346337505421 WETH"]
Token: 0x7ceb23fd6bc0add59e62ac25578270cff1b9f619[0mCurrent Allocation: 1019%[0mDifference: -19%[0mValue (USD): 16.581809911077728663[0mValue to Rebalance (USD): 0.309023147281250077[0mBalance: 0.007460346337505421 WETH[0m["✓ Address: 0x84F07be28ecd5b29Df340be8b065A6113a8e893e has 0.00090589 WBTC"]
Token: 0x1BFD67037B42Cf73acF2047067bd4F2C47D9BfD6[0mCurrent Allocation: 2553%[0mDifference: -53%[0mValue (USD): 41.528473123543422849[0mValue to Rebalance (USD): 0.862011937152960742[0mBalance: 0.00090589 WBTC[0m["✓ Address: 0x84F07be28ecd5b29Df340be8b065A6113a8e893e has 2.940792868586928906 UNI"]
Token: 0xb33eaad8d922b1083446dc23f610c2567fb5180f[0mCurrent Allocation: 1029%[0mDifference: -29%[0mValue (USD): 16.745481990313983343[0mValue to Rebalance (USD): 0.471666909008223802[0mBalance: 2.940792868586928906 UNI[0m["✓ Address: 0x84F07be28ecd5b29Df340be8b065A6113a8e893e has 0.176708036439800249 AAVE"]
Token: 0xd6df932a45c0f255f85145f286ea0b292b21c90b[0mCurrent Allocation: 1002%[0mDifference: -2%[0mValue (USD): 16.307517812100351517[0mValue to Rebalance (USD): 0.032528752345394744[0mBalance: 0.176708036439800249 AAVE[0m["✓ Address: 0x84F07be28ecd5b29Df340be8b065A6113a8e893e has 18.465866613897656543 WMATIC"]
Token: 0x0d500b1d8e8ef31e21c99d1db9a6444d3adf1270[0mCurrent Allocation: 882%[0mDifference: 118%[0mValue (USD): 14.357340553371725245[0mValue to Rebalance (USD): 1.919196388378289953[0mBalance: 18.465866613897656543 WMATIC[0m["✓ Address: 0x84F07be28ecd5b29Df340be8b065A6113a8e893e has 16.167992733012224907 1INCH"]
Token: 0x9c2C5fd7b07E95EE044DDeba0E97a665F142394f[0mCurrent Allocation: 402%[0mDifference: 98%[0mValue (USD): 6.552082988244359082[0mValue to Rebalance (USD): 1.593908864924342504[0mBalance: 16.167992733012224907 1INCH[0m["✓ Address: 0x84F07be28ecd5b29Df340be8b065A6113a8e893e has 33.521164248030287024 CRV"]
Token: 0x172370d5cd63279efa6d502dab29171933a610af[0mCurrent Allocation: 1022%[0mDifference: -22%[0mValue (USD): 16.62466175120594345[0mValue to Rebalance (USD): 0.357816275799342194[0mBalance: 33.521164248030287024 CRV[0m["✓ Address: 0x84F07be28ecd5b29Df340be8b065A6113a8e893e has 2.55644821920662893 LDO"]
Token: 0xc3c7d422809852031b44ab29eec9f1eff2a58756[0mCurrent Allocation: 510%[0mDifference: -10%[0mValue (USD): 8.303937858318341443[0mValue to Rebalance (USD): 0.162643761726973724[0mBalance: 2.55644821920662893 LDO[0m["✓ Address: 0x84F07be28ecd5b29Df340be8b065A6113a8e893e has 1.471784 USDC"]
Token: 0x2791Bca1f2de4661ED88A30C99A7a9449Aa84174[0mCurrent Allocation: 161%[0mDifference: 89%[0mValue (USD): 2.6295[0mValue to Rebalance (USD): 1.447529479370066151[0mBalance: 1.471784 USDC[0m["ℹ Selling 0.000000000000001881 worth of 0x1BFD67037B42Cf73acF2047067bd4F2C47D9BfD6"]
Getting RSI for:BTCRSI:29.5StochasticRSI:12.009803921568674["⚠ Waiting for StochRSI overBought"]
["✓ Address: 0x84F07be28ecd5b29Df340be8b065A6113a8e893e has 1.471784 USDC"]
["ℹ Buying 1.919196 USDC worth of 0x0d500b1d8e8ef31e21c99d1db9a6444d3adf1270"]
Getting RSI for:MATICRSI:43.49StochasticRSI:54.661558109833955["✓ Address: 0x84F07be28ecd5b29Df340be8b065A6113a8e893e has 1.471784 USDC"]
Amount to Swap 1151517[0mUsd Balance 1471784[0m["⚠ Waiting for StochRSI OverSold"]
["ℹ Buying 1.593908 USDC worth of 0x9c2C5fd7b07E95EE044DDeba0E97a665F142394f"]
Getting RSI for:1INCHRSI:32.27StochasticRSI:20.384615384615362["✓ Address: 0x84F07be28ecd5b29Df340be8b065A6113a8e893e has 1.471784 USDC"]
Amount to Swap 956344[0mUsd Balance 1471784[0m["⚠ Waiting for StochRSI OverSold"]
["◎ SKIP USDC BUY"]
["✓ Rebalance completed."]
["◎ Checking portfolio"]
KST:{"cross":false,"direction":"none"}["◎ Getting price data from: https://api.coingecko.com/api/v3/coins/bitcoin/market_chart/range?vs_currency=usd&from=1697047837&to=1704823837"]
["ℹ Got 2159 data points"]
["ℹ Prediction for Tue Jan 09 2024 19:00:40 GMT+0100 (Ora standard dell’Europa centrale): 46439.578125"]
["◎  🌐 Actual price:"]
["✓ 46806.0321359157"]
["◎  📈 Predicted price:"]
["✓ 46439.578125"]
Signal AI:downKST trend:noneKST cross:falseTrend:trueSelected weights:[0m{"0x53E0bca35eC356BD5ddDFebbD1Fc0fD03FaBad39":1250,"0x7ceb23fd6bc0add59e62ac25578270cff1b9f619":1000,"0x1BFD67037B42Cf73acF2047067bd4F2C47D9BfD6":2500,"0xb33eaad8d922b1083446dc23f610c2567fb5180f":1000,"0xd6df932a45c0f255f85145f286ea0b292b21c90b":1000,"0x0d500b1d8e8ef31e21c99d1db9a6444d3adf1270":1000,"0x9c2C5fd7b07E95EE044DDeba0E97a665F142394f":500,"0x172370d5cd63279efa6d502dab29171933a610af":1000,"0xc3c7d422809852031b44ab29eec9f1eff2a58756":500,"0x2791Bca1f2de4661ED88A30C99A7a9449Aa84174":250}[0m["◎ **************************************************************************"]
Rebalance Portfolio
[0mCheck Gas and Recharge
[0m["✓ Address: 0x84F07be28ecd5b29Df340be8b065A6113a8e893e has 3.373083603064428404 MATIC"]
["✓ Address: 0x84F07be28ecd5b29Df340be8b065A6113a8e893e has 18.465866613897656543 WMATIC"]
["✓ Address: 0x84F07be28ecd5b29Df340be8b065A6113a8e893e has 1.471784 USDC"]
BALANCE WNATIVE18.465866613897656543BALANCE NATIVE3.373083603064428404["◎ Fee recharge operation completed"]
["✓ Address: 0x84F07be28ecd5b29Df340be8b065A6113a8e893e has 1.471784 USDC"]
Balance Yearn[0m1[0myvUSDC-A[0mBalance in vault[0m1125354[0mBalance in USDT[0m1092987[0mAccured interest[0m32367[0mUSDC[0m["✓ Accured interest Calculation DONE!"]
Difference Interest from last cycle[0m0.000005[0mTotal Portfolio Value (in USDT) at Start: [0m2.564771[0m["✓ Address: 0x84F07be28ecd5b29Df340be8b065A6113a8e893e has 1.530160779690982446 LINK"]
Token Symbol: LINK[0mToken: 0x53E0bca35eC356BD5ddDFebbD1Fc0fD03FaBad39[0mBalance:1.530160779690982446[0mPrice:13.41866667989942[0mValue:20.532717469328303273[0m["✓ Address: 0x84F07be28ecd5b29Df340be8b065A6113a8e893e has 0.007460346337505421 WETH"]
Token Symbol: WETH[0mToken: 0x7ceb23fd6bc0add59e62ac25578270cff1b9f619[0mBalance:0.007460346337505421[0mPrice:2225.619514530828[0mValue:16.603892393910655784[0m["✓ Address: 0x84F07be28ecd5b29Df340be8b065A6113a8e893e has 0.00090589 WBTC"]
Token Symbol: WBTC[0mToken: 0x1BFD67037B42Cf73acF2047067bd4F2C47D9BfD6[0mBalance:0.00090589[0mPrice:45806.14826140903[0mValue:41.495331648527826186[0m["✓ Address: 0x84F07be28ecd5b29Df340be8b065A6113a8e893e has 2.940792868586928906 UNI"]
Token Symbol: UNI[0mToken: 0xb33eaad8d922b1083446dc23f610c2567fb5180f[0mBalance:2.940792868586928906[0mPrice:5.718627910631892[0mValue:16.81730017768843739[0m["✓ Address: 0x84F07be28ecd5b29Df340be8b065A6113a8e893e has 0.176708036439800249 AAVE"]
Token Symbol: AAVE[0mToken: 0xd6df932a45c0f255f85145f286ea0b292b21c90b[0mBalance:0.176708036439800249[0mPrice:92.61551044407442[0mValue:16.36590499444220315[0m["✓ Address: 0x84F07be28ecd5b29Df340be8b065A6113a8e893e has 18.465866613897656543 WMATIC"]
Token Symbol: WMATIC[0mToken: 0x0d500b1d8e8ef31e21c99d1db9a6444d3adf1270[0mBalance:18.465866613897656543[0mPrice:0.780206[0mValue:14.40717992736263502[0m["✓ Address: 0x84F07be28ecd5b29Df340be8b065A6113a8e893e has 16.167992733012224907 1INCH"]
Token Symbol: 1INCH[0mToken: 0x9c2C5fd7b07E95EE044DDeba0E97a665F142394f[0mBalance:16.167992733012224907[0mPrice:0.40664902722538465[0mValue:6.57469851706650942[0m["✓ Address: 0x84F07be28ecd5b29Df340be8b065A6113a8e893e has 33.521164248030287024 CRV"]
Token Symbol: CRV[0mToken: 0x172370d5cd63279efa6d502dab29171933a610af[0mBalance:33.521164248030287024[0mPrice:0.49761334894983333[0mValue:16.680578802159772594[0m["✓ Address: 0x84F07be28ecd5b29Df340be8b065A6113a8e893e has 2.55644821920662893 LDO"]
Token Symbol: LDO[0mToken: 0xc3c7d422809852031b44ab29eec9f1eff2a58756[0mBalance:2.55644821920662893[0mPrice:3.2745840414168152[0mValue:8.371304541322463251[0m["✓ Address: 0x84F07be28ecd5b29Df340be8b065A6113a8e893e has 1.471784 USDC"]
Total Portfolio Value (in USDT): [0m163.043184471808806068[0m["✓ Address: 0x84F07be28ecd5b29Df340be8b065A6113a8e893e has 1.530160779690982446 LINK"]
Token: 0x53E0bca35eC356BD5ddDFebbD1Fc0fD03FaBad39[0mCurrent Allocation: 1259%[0mDifference: -9%[0mValue (USD): 20.532717469328303273[0mValue to Rebalance (USD): 0.146738866024627925[0mBalance: 1.530160779690982446 LINK[0m["✓ Address: 0x84F07be28ecd5b29Df340be8b065A6113a8e893e has 0.007460346337505421 WETH"]
Token: 0x7ceb23fd6bc0add59e62ac25578270cff1b9f619[0mCurrent Allocation: 1018%[0mDifference: -18%[0mValue (USD): 16.603892393910655784[0mValue to Rebalance (USD): 0.29347773204925585[0mBalance: 0.007460346337505421 WETH[0m["✓ Address: 0x84F07be28ecd5b29Df340be8b065A6113a8e893e has 0.00090589 WBTC"]
Token: 0x1BFD67037B42Cf73acF2047067bd4F2C47D9BfD6[0mCurrent Allocation: 2545%[0mDifference: -45%[0mValue (USD): 41.495331648527826186[0mValue to Rebalance (USD): 0.733694330123139627[0mBalance: 0.00090589 WBTC[0m["✓ Address: 0x84F07be28ecd5b29Df340be8b065A6113a8e893e has 2.940792868586928906 UNI"]
Token: 0xb33eaad8d922b1083446dc23f610c2567fb5180f[0mCurrent Allocation: 1031%[0mDifference: -31%[0mValue (USD): 16.81730017768843739[0mValue to Rebalance (USD): 0.505433871862607298[0mBalance: 2.940792868586928906 UNI[0m["✓ Address: 0x84F07be28ecd5b29Df340be8b065A6113a8e893e has 0.176708036439800249 AAVE"]
Token: 0xd6df932a45c0f255f85145f286ea0b292b21c90b[0mCurrent Allocation: 1003%[0mDifference: -3%[0mValue (USD): 16.36590499444220315[0mValue to Rebalance (USD): 0.048912955341542641[0mBalance: 0.176708036439800249 AAVE[0m["✓ Address: 0x84F07be28ecd5b29Df340be8b065A6113a8e893e has 18.465866613897656543 WMATIC"]
Token: 0x0d500b1d8e8ef31e21c99d1db9a6444d3adf1270[0mCurrent Allocation: 883%[0mDifference: 117%[0mValue (USD): 14.40717992736263502[0mValue to Rebalance (USD): 1.90760525832016303[0mBalance: 18.465866613897656543 WMATIC[0m["✓ Address: 0x84F07be28ecd5b29Df340be8b065A6113a8e893e has 16.167992733012224907 1INCH"]
Token: 0x9c2C5fd7b07E95EE044DDeba0E97a665F142394f[0mCurrent Allocation: 403%[0mDifference: 97%[0mValue (USD): 6.57469851706650942[0mValue to Rebalance (USD): 1.581518889376545418[0mBalance: 16.167992733012224907 1INCH[0m["✓ Address: 0x84F07be28ecd5b29Df340be8b065A6113a8e893e has 33.521164248030287024 CRV"]
Token: 0x172370d5cd63279efa6d502dab29171933a610af[0mCurrent Allocation: 1023%[0mDifference: -23%[0mValue (USD): 16.680578802159772594[0mValue to Rebalance (USD): 0.374999324285160253[0mBalance: 33.521164248030287024 CRV[0m["✓ Address: 0x84F07be28ecd5b29Df340be8b065A6113a8e893e has 2.55644821920662893 LDO"]
Token: 0xc3c7d422809852031b44ab29eec9f1eff2a58756[0mCurrent Allocation: 513%[0mDifference: -13%[0mValue (USD): 8.371304541322463251[0mValue to Rebalance (USD): 0.211956139813351447[0mBalance: 2.55644821920662893 LDO[0m["✓ Address: 0x84F07be28ecd5b29Df340be8b065A6113a8e893e has 1.471784 USDC"]
Token: 0x2791Bca1f2de4661ED88A30C99A7a9449Aa84174[0mCurrent Allocation: 161%[0mDifference: 89%[0mValue (USD): 2.629505[0mValue to Rebalance (USD): 1.451084341799098374[0mBalance: 1.471784 USDC[0m["✓ Address: 0x84F07be28ecd5b29Df340be8b065A6113a8e893e has 1.471784 USDC"]
["ℹ Buying 1.907605 USDC worth of 0x0d500b1d8e8ef31e21c99d1db9a6444d3adf1270"]
Getting RSI for:MATICRSI:71.94StochasticRSI:100["✓ Address: 0x84F07be28ecd5b29Df340be8b065A6113a8e893e has 1.471784 USDC"]
Amount to Swap 1144563[0mUsd Balance 1471784[0m["⚠ Waiting for StochRSI OverSold"]
["ℹ Buying 1.581518 USDC worth of 0x9c2C5fd7b07E95EE044DDeba0E97a665F142394f"]
Getting RSI for:1INCHRSI:46.93StochasticRSI:65.19230769230772["✓ Address: 0x84F07be28ecd5b29Df340be8b065A6113a8e893e has 1.471784 USDC"]
Amount to Swap 948910[0mUsd Balance 1471784[0m["⚠ Waiting for StochRSI OverSold"]
["◎ SKIP USDC BUY"]
["✓ Rebalance completed."]
["◎ Checking portfolio"]
KST:{"cross":false,"direction":"none"}["◎ Getting price data from: https://api.coingecko.com/api/v3/coins/bitcoin/market_chart/range?vs_currency=usd&from=1697048137&to=1704824137"]
["ℹ Got 2159 data points"]
["ℹ Prediction for Tue Jan 09 2024 19:00:40 GMT+0100 (Ora standard dell’Europa centrale): 46495.90234375"]
["◎  🌐 Actual price:"]
["✓ 46806.0321359157"]
["◎  📈 Predicted price:"]
["✓ 46495.90234375"]
Signal AI:downKST trend:noneKST cross:falseTrend:trueSelected weights:[0m{"0x53E0bca35eC356BD5ddDFebbD1Fc0fD03FaBad39":1250,"0x7ceb23fd6bc0add59e62ac25578270cff1b9f619":1000,"0x1BFD67037B42Cf73acF2047067bd4F2C47D9BfD6":2500,"0xb33eaad8d922b1083446dc23f610c2567fb5180f":1000,"0xd6df932a45c0f255f85145f286ea0b292b21c90b":1000,"0x0d500b1d8e8ef31e21c99d1db9a6444d3adf1270":1000,"0x9c2C5fd7b07E95EE044DDeba0E97a665F142394f":500,"0x172370d5cd63279efa6d502dab29171933a610af":1000,"0xc3c7d422809852031b44ab29eec9f1eff2a58756":500,"0x2791Bca1f2de4661ED88A30C99A7a9449Aa84174":250}[0m["◎ **************************************************************************"]
Rebalance Portfolio
[0mCheck Gas and Recharge
[0m["✓ Address: 0x84F07be28ecd5b29Df340be8b065A6113a8e893e has 3.373083603064428404 MATIC"]
["✓ Address: 0x84F07be28ecd5b29Df340be8b065A6113a8e893e has 18.465866613897656543 WMATIC"]
["✓ Address: 0x84F07be28ecd5b29Df340be8b065A6113a8e893e has 1.471784 USDC"]
BALANCE WNATIVE18.465866613897656543BALANCE NATIVE3.373083603064428404["◎ Fee recharge operation completed"]
["✓ Address: 0x84F07be28ecd5b29Df340be8b065A6113a8e893e has 1.471784 USDC"]
Balance Yearn[0m1[0myvUSDC-A[0mBalance in vault[0m1125354[0mBalance in USDT[0m1092983[0mAccured interest[0m32371[0mUSDC[0m["✓ Accured interest Calculation DONE!"]
Difference Interest from last cycle[0m0.000004[0mTotal Portfolio Value (in USDT) at Start: [0m2.564767[0m["✓ Address: 0x84F07be28ecd5b29Df340be8b065A6113a8e893e has 1.530160779690982446 LINK"]
Token Symbol: LINK[0mToken: 0x53E0bca35eC356BD5ddDFebbD1Fc0fD03FaBad39[0mBalance:1.530160779690982446[0mPrice:13.40475777400705[0mValue:20.511434607043385894[0m["✓ Address: 0x84F07be28ecd5b29Df340be8b065A6113a8e893e has 0.007460346337505421 WETH"]
Token Symbol: WETH[0mToken: 0x7ceb23fd6bc0add59e62ac25578270cff1b9f619[0mBalance:0.007460346337505421[0mPrice:2225.988371175904[0mValue:16.606644192231813057[0m["✓ Address: 0x84F07be28ecd5b29Df340be8b065A6113a8e893e has 0.00090589 WBTC"]
Token Symbol: WBTC[0mToken: 0x1BFD67037B42Cf73acF2047067bd4F2C47D9BfD6[0mBalance:0.00090589[0mPrice:45725.44593661692[0mValue:41.422224219521901658[0m["✓ Address: 0x84F07be28ecd5b29Df340be8b065A6113a8e893e has 2.940792868586928906 UNI"]
Token Symbol: UNI[0mToken: 0xb33eaad8d922b1083446dc23f610c2567fb5180f[0mBalance:2.940792868586928906[0mPrice:5.708993051162857[0mValue:16.788966051672062017[0m["✓ Address: 0x84F07be28ecd5b29Df340be8b065A6113a8e893e has 0.176708036439800249 AAVE"]
Token Symbol: AAVE[0mToken: 0xd6df932a45c0f255f85145f286ea0b292b21c90b[0mBalance:0.176708036439800249[0mPrice:92.54507591732485[0mValue:16.353458647522720049[0m["✓ Address: 0x84F07be28ecd5b29Df340be8b065A6113a8e893e has 18.465866613897656543 WMATIC"]
Token Symbol: WMATIC[0mToken: 0x0d500b1d8e8ef31e21c99d1db9a6444d3adf1270[0mBalance:18.465866613897656543[0mPrice:0.779467[0mValue:14.393533651934964652[0m["✓ Address: 0x84F07be28ecd5b29Df340be8b065A6113a8e893e has 16.167992733012224907 1INCH"]
Token Symbol: 1INCH[0mToken: 0x9c2C5fd7b07E95EE044DDeba0E97a665F142394f[0mBalance:16.167992733012224907[0mPrice:0.40630066658690844[0mValue:6.569066224795158558[0m["✓ Address: 0x84F07be28ecd5b29Df340be8b065A6113a8e893e has 33.521164248030287024 CRV"]
Token Symbol: CRV[0mToken: 0x172370d5cd63279efa6d502dab29171933a610af[0mBalance:33.521164248030287024[0mPrice:0.4971437193694727[0mValue:16.664836271860770377[0m["✓ Address: 0x84F07be28ecd5b29Df340be8b065A6113a8e893e has 2.55644821920662893 LDO"]
Token Symbol: LDO[0mToken: 0xc3c7d422809852031b44ab29eec9f1eff2a58756[0mBalance:2.55644821920662893[0mPrice:3.2745913323890106[0mValue:8.371323180315348466[0m["✓ Address: 0x84F07be28ecd5b29Df340be8b065A6113a8e893e has 1.471784 USDC"]
Total Portfolio Value (in USDT): [0m162.875763046898124728[0m["✓ Address: 0x84F07be28ecd5b29Df340be8b065A6113a8e893e has 1.530160779690982446 LINK"]
Token: 0x53E0bca35eC356BD5ddDFebbD1Fc0fD03FaBad39[0mCurrent Allocation: 1259%[0mDifference: -9%[0mValue (USD): 20.511434607043385894[0mValue to Rebalance (USD): 0.146588186742208312[0mBalance: 1.530160779690982446 LINK[0m["✓ Address: 0x84F07be28ecd5b29Df340be8b065A6113a8e893e has 0.007460346337505421 WETH"]
Token: 0x7ceb23fd6bc0add59e62ac25578270cff1b9f619[0mCurrent Allocation: 1019%[0mDifference: -19%[0mValue (USD): 16.606644192231813057[0mValue to Rebalance (USD): 0.309463949789106436[0mBalance: 0.007460346337505421 WETH[0m["✓ Address: 0x84F07be28ecd5b29Df340be8b065A6113a8e893e has 0.00090589 WBTC"]
Token: 0x1BFD67037B42Cf73acF2047067bd4F2C47D9BfD6[0mCurrent Allocation: 2543%[0mDifference: -43%[0mValue (USD): 41.422224219521901658[0mValue to Rebalance (USD): 0.700365781101661936[0mBalance: 0.00090589 WBTC[0m["✓ Address: 0x84F07be28ecd5b29Df340be8b065A6113a8e893e has 2.940792868586928906 UNI"]
Token: 0xb33eaad8d922b1083446dc23f610c2567fb5180f[0mCurrent Allocation: 1030%[0mDifference: -30%[0mValue (USD): 16.788966051672062017[0mValue to Rebalance (USD): 0.488627289140694374[0mBalance: 2.940792868586928906 UNI[0m["✓ Address: 0x84F07be28ecd5b29Df340be8b065A6113a8e893e has 0.176708036439800249 AAVE"]
Token: 0xd6df932a45c0f255f85145f286ea0b292b21c90b[0mCurrent Allocation: 1004%[0mDifference: -4%[0mValue (USD): 16.353458647522720049[0mValue to Rebalance (USD): 0.065150305218759249[0mBalance: 0.176708036439800249 AAVE[0m["✓ Address: 0x84F07be28ecd5b29Df340be8b065A6113a8e893e has 18.465866613897656543 WMATIC"]
Token: 0x0d500b1d8e8ef31e21c99d1db9a6444d3adf1270[0mCurrent Allocation: 883%[0mDifference: 117%[0mValue (USD): 14.393533651934964652[0mValue to Rebalance (USD): 1.905646427648708059[0mBalance: 18.465866613897656543 WMATIC[0m["✓ Address: 0x84F07be28ecd5b29Df340be8b065A6113a8e893e has 16.167992733012224907 1INCH"]
Token: 0x9c2C5fd7b07E95EE044DDeba0E97a665F142394f[0mCurrent Allocation: 403%[0mDifference: 97%[0mValue (USD): 6.569066224795158558[0mValue to Rebalance (USD): 1.579894901554911809[0mBalance: 16.167992733012224907 1INCH[0m["✓ Address: 0x84F07be28ecd5b29Df340be8b065A6113a8e893e has 33.521164248030287024 CRV"]
Token: 0x172370d5cd63279efa6d502dab29171933a610af[0mCurrent Allocation: 1023%[0mDifference: -23%[0mValue (USD): 16.664836271860770377[0mValue to Rebalance (USD): 0.374614255007865686[0mBalance: 33.521164248030287024 CRV[0m["✓ Address: 0x84F07be28ecd5b29Df340be8b065A6113a8e893e has 2.55644821920662893 LDO"]
Token: 0xc3c7d422809852031b44ab29eec9f1eff2a58756[0mCurrent Allocation: 513%[0mDifference: -13%[0mValue (USD): 8.371323180315348466[0mValue to Rebalance (USD): 0.211738491960967562[0mBalance: 2.55644821920662893 LDO[0m["✓ Address: 0x84F07be28ecd5b29Df340be8b065A6113a8e893e has 1.471784 USDC"]
Token: 0x2791Bca1f2de4661ED88A30C99A7a9449Aa84174[0mCurrent Allocation: 161%[0mDifference: 89%[0mValue (USD): 2.629509[0mValue to Rebalance (USD): 1.44959429111739331[0mBalance: 1.471784 USDC[0m["✓ Address: 0x84F07be28ecd5b29Df340be8b065A6113a8e893e has 1.471784 USDC"]
["ℹ Buying 1.905646 USDC worth of 0x0d500b1d8e8ef31e21c99d1db9a6444d3adf1270"]
Getting RSI for:MATICRSI:56.42StochasticRSI:69.43887775551104["✓ Address: 0x84F07be28ecd5b29Df340be8b065A6113a8e893e has 1.471784 USDC"]
Amount to Swap 1143387[0mUsd Balance 1471784[0m["⚠ Waiting for StochRSI OverSold"]
["ℹ Buying 1.579894 USDC worth of 0x9c2C5fd7b07E95EE044DDeba0E97a665F142394f"]
Getting RSI for:1INCHRSI:55.17StochasticRSI:85.30954879328438["✓ Address: 0x84F07be28ecd5b29Df340be8b065A6113a8e893e has 1.471784 USDC"]
Amount to Swap 947936[0mUsd Balance 1471784[0m["⚠ Waiting for StochRSI OverSold"]
["◎ SKIP USDC BUY"]
["✓ Rebalance completed."]
["◎ Checking portfolio"]
KST:{"cross":false,"direction":"none"}["◎ Getting price data from: https://api.coingecko.com/api/v3/coins/bitcoin/market_chart/range?vs_currency=usd&from=1697048437&to=1704824437"]
["ℹ Got 2159 data points"]
["ℹ Prediction for Tue Jan 09 2024 19:00:40 GMT+0100 (Ora standard dell’Europa centrale): 46431.015625"]
["◎  🌐 Actual price:"]
["✓ 46806.0321359157"]
["◎  📈 Predicted price:"]
["✓ 46431.015625"]
Signal AI:downKST trend:noneKST cross:falseTrend:trueSelected weights:[0m{"0x53E0bca35eC356BD5ddDFebbD1Fc0fD03FaBad39":1250,"0x7ceb23fd6bc0add59e62ac25578270cff1b9f619":1000,"0x1BFD67037B42Cf73acF2047067bd4F2C47D9BfD6":2500,"0xb33eaad8d922b1083446dc23f610c2567fb5180f":1000,"0xd6df932a45c0f255f85145f286ea0b292b21c90b":1000,"0x0d500b1d8e8ef31e21c99d1db9a6444d3adf1270":1000,"0x9c2C5fd7b07E95EE044DDeba0E97a665F142394f":500,"0x172370d5cd63279efa6d502dab29171933a610af":1000,"0xc3c7d422809852031b44ab29eec9f1eff2a58756":500,"0x2791Bca1f2de4661ED88A30C99A7a9449Aa84174":250}[0m["◎ **************************************************************************"]
Rebalance Portfolio
[0mCheck Gas and Recharge
[0m["✓ Address: 0x84F07be28ecd5b29Df340be8b065A6113a8e893e has 3.373083603064428404 MATIC"]
["✓ Address: 0x84F07be28ecd5b29Df340be8b065A6113a8e893e has 18.465866613897656543 WMATIC"]
["✓ Address: 0x84F07be28ecd5b29Df340be8b065A6113a8e893e has 1.471784 USDC"]
BALANCE WNATIVE18.465866613897656543BALANCE NATIVE3.373083603064428404["◎ Fee recharge operation completed"]
["✓ Address: 0x84F07be28ecd5b29Df340be8b065A6113a8e893e has 1.471784 USDC"]
Balance Yearn[0m1[0myvUSDC-A[0mBalance in vault[0m1125354[0mBalance in USDT[0m1092980[0mAccured interest[0m32374[0mUSDC[0m["✓ Accured interest Calculation DONE!"]
Difference Interest from last cycle[0m0.000003[0mTotal Portfolio Value (in USDT) at Start: [0m2.564764[0m["✓ Address: 0x84F07be28ecd5b29Df340be8b065A6113a8e893e has 1.530160779690982446 LINK"]
Token Symbol: LINK[0mToken: 0x53E0bca35eC356BD5ddDFebbD1Fc0fD03FaBad39[0mBalance:1.530160779690982446[0mPrice:13.390123263566817[0mValue:20.489041453137763144[0m["✓ Address: 0x84F07be28ecd5b29Df340be8b065A6113a8e893e has 0.007460346337505421 WETH"]
Token Symbol: WETH[0mToken: 0x7ceb23fd6bc0add59e62ac25578270cff1b9f619[0mBalance:0.007460346337505421[0mPrice:2226.5328538942085[0mValue:16.61070622188515103[0m["✓ Address: 0x84F07be28ecd5b29Df340be8b065A6113a8e893e has 0.00090589 WBTC"]
Token Symbol: WBTC[0mToken: 0x1BFD67037B42Cf73acF2047067bd4F2C47D9BfD6[0mBalance:0.00090589[0mPrice:45722.836972306504[0mValue:41.419860784842738908[0m["✓ Address: 0x84F07be28ecd5b29Df340be8b065A6113a8e893e has 2.940792868586928906 UNI"]
Token Symbol: UNI[0mToken: 0xb33eaad8d922b1083446dc23f610c2567fb5180f[0mBalance:2.940792868586928906[0mPrice:5.709402561332756[0mValue:16.790170336259314818[0m["✓ Address: 0x84F07be28ecd5b29Df340be8b065A6113a8e893e has 0.176708036439800249 AAVE"]
Token Symbol: AAVE[0mToken: 0xd6df932a45c0f255f85145f286ea0b292b21c90b[0mBalance:0.176708036439800249[0mPrice:92.55219797078654[0mValue:16.354717171605354571[0m["✓ Address: 0x84F07be28ecd5b29Df340be8b065A6113a8e893e has 18.465866613897656543 WMATIC"]
Token Symbol: WMATIC[0mToken: 0x0d500b1d8e8ef31e21c99d1db9a6444d3adf1270[0mBalance:18.465866613897656543[0mPrice:0.779594[0mValue:14.395878816994929654[0m["✓ Address: 0x84F07be28ecd5b29Df340be8b065A6113a8e893e has 16.167992733012224907 1INCH"]
Token Symbol: 1INCH[0mToken: 0x9c2C5fd7b07E95EE044DDeba0E97a665F142394f[0mBalance:16.167992733012224907[0mPrice:0.40637414553521534[0mValue:6.570254231897413898[0m["✓ Address: 0x84F07be28ecd5b29Df340be8b065A6113a8e893e has 33.521164248030287024 CRV"]
Token Symbol: CRV[0mToken: 0x172370d5cd63279efa6d502dab29171933a610af[0mBalance:33.521164248030287024[0mPrice:0.49732711434205495[0mValue:16.670983884858962991[0m["✓ Address: 0x84F07be28ecd5b29Df340be8b065A6113a8e893e has 2.55644821920662893 LDO"]
Token Symbol: LDO[0mToken: 0xc3c7d422809852031b44ab29eec9f1eff2a58756[0mBalance:2.55644821920662893[0mPrice:3.282474322121013[0mValue:8.391475635377750143[0m["✓ Address: 0x84F07be28ecd5b29Df340be8b065A6113a8e893e has 1.471784 USDC"]
Total Portfolio Value (in USDT): [0m162.887364536859379157[0m["✓ Address: 0x84F07be28ecd5b29Df340be8b065A6113a8e893e has 1.530160779690982446 LINK"]
Token: 0x53E0bca35eC356BD5ddDFebbD1Fc0fD03FaBad39[0mCurrent Allocation: 1257%[0mDifference: -7%[0mValue (USD): 20.489041453137763144[0mValue to Rebalance (USD): 0.114021155175801565[0mBalance: 1.530160779690982446 LINK[0m["✓ Address: 0x84F07be28ecd5b29Df340be8b065A6113a8e893e has 0.007460346337505421 WETH"]
Token: 0x7ceb23fd6bc0add59e62ac25578270cff1b9f619[0mCurrent Allocation: 1019%[0mDifference: -19%[0mValue (USD): 16.61070622188515103[0mValue to Rebalance (USD): 0.30948599262003282[0mBalance: 0.007460346337505421 WETH[0m["✓ Address: 0x84F07be28ecd5b29Df340be8b065A6113a8e893e has 0.00090589 WBTC"]
Token: 0x1BFD67037B42Cf73acF2047067bd4F2C47D9BfD6[0mCurrent Allocation: 2542%[0mDifference: -42%[0mValue (USD): 41.419860784842738908[0mValue to Rebalance (USD): 0.684126931054809392[0mBalance: 0.00090589 WBTC[0m["✓ Address: 0x84F07be28ecd5b29Df340be8b065A6113a8e893e has 2.940792868586928906 UNI"]
Token: 0xb33eaad8d922b1083446dc23f610c2567fb5180f[0mCurrent Allocation: 1030%[0mDifference: -30%[0mValue (USD): 16.790170336259314818[0mValue to Rebalance (USD): 0.488662093610578137[0mBalance: 2.940792868586928906 UNI[0m["✓ Address: 0x84F07be28ecd5b29Df340be8b065A6113a8e893e has 0.176708036439800249 AAVE"]
Token: 0xd6df932a45c0f255f85145f286ea0b292b21c90b[0mCurrent Allocation: 1004%[0mDifference: -4%[0mValue (USD): 16.354717171605354571[0mValue to Rebalance (USD): 0.065154945814743751[0mBalance: 0.176708036439800249 AAVE[0m["✓ Address: 0x84F07be28ecd5b29Df340be8b065A6113a8e893e has 18.465866613897656543 WMATIC"]
Token: 0x0d500b1d8e8ef31e21c99d1db9a6444d3adf1270[0mCurrent Allocation: 883%[0mDifference: 117%[0mValue (USD): 14.395878816994929654[0mValue to Rebalance (USD): 1.905782165081254736[0mBalance: 18.465866613897656543 WMATIC[0m["✓ Address: 0x84F07be28ecd5b29Df340be8b065A6113a8e893e has 16.167992733012224907 1INCH"]
Token: 0x9c2C5fd7b07E95EE044DDeba0E97a665F142394f[0mCurrent Allocation: 403%[0mDifference: 97%[0mValue (USD): 6.570254231897413898[0mValue to Rebalance (USD): 1.580007436007535977[0mBalance: 16.167992733012224907 1INCH[0m["✓ Address: 0x84F07be28ecd5b29Df340be8b065A6113a8e893e has 33.521164248030287024 CRV"]
Token: 0x172370d5cd63279efa6d502dab29171933a610af[0mCurrent Allocation: 1023%[0mDifference: -23%[0mValue (USD): 16.670983884858962991[0mValue to Rebalance (USD): 0.374640938434776572[0mBalance: 33.521164248030287024 CRV[0m["✓ Address: 0x84F07be28ecd5b29Df340be8b065A6113a8e893e has 2.55644821920662893 LDO"]
Token: 0xc3c7d422809852031b44ab29eec9f1eff2a58756[0mCurrent Allocation: 515%[0mDifference: -15%[0mValue (USD): 8.391475635377750143[0mValue to Rebalance (USD): 0.244331046805289068[0mBalance: 2.55644821920662893 LDO[0m["✓ Address: 0x84F07be28ecd5b29Df340be8b065A6113a8e893e has 1.471784 USDC"]
Token: 0x2791Bca1f2de4661ED88A30C99A7a9449Aa84174[0mCurrent Allocation: 161%[0mDifference: 89%[0mValue (USD): 2.629512[0mValue to Rebalance (USD): 1.449697544378048474[0mBalance: 1.471784 USDC[0m["✓ Address: 0x84F07be28ecd5b29Df340be8b065A6113a8e893e has 1.471784 USDC"]
["ℹ Buying 1.905782 USDC worth of 0x0d500b1d8e8ef31e21c99d1db9a6444d3adf1270"]
Getting RSI for:MATICRSI:74.33StochasticRSI:100["✓ Address: 0x84F07be28ecd5b29Df340be8b065A6113a8e893e has 1.471784 USDC"]
Amount to Swap 1143469[0mUsd Balance 1471784[0m["⚠ Waiting for StochRSI OverSold"]
["ℹ Buying 1.580007 USDC worth of 0x9c2C5fd7b07E95EE044DDeba0E97a665F142394f"]
Getting RSI for:1INCHRSI:62.91StochasticRSI:100["✓ Address: 0x84F07be28ecd5b29Df340be8b065A6113a8e893e has 1.471784 USDC"]
Amount to Swap 948004[0mUsd Balance 1471784[0m["⚠ Waiting for StochRSI OverSold"]
["◎ SKIP USDC BUY"]
["✓ Rebalance completed."]
["◎ Checking portfolio"]
KST:{"cross":false,"direction":"none"}["◎ Getting price data from: https://api.coingecko.com/api/v3/coins/bitcoin/market_chart/range?vs_currency=usd&from=1697048738&to=1704824738"]
["ℹ Got 2159 data points"]
["ℹ Prediction for Tue Jan 09 2024 19:00:40 GMT+0100 (Ora standard dell’Europa centrale): 46556.3203125"]
["◎  🌐 Actual price:"]
["✓ 46806.0321359157"]
["◎  📈 Predicted price:"]
["✓ 46556.3203125"]
Signal AI:downKST trend:noneKST cross:falseTrend:trueSelected weights:[0m{"0x53E0bca35eC356BD5ddDFebbD1Fc0fD03FaBad39":1250,"0x7ceb23fd6bc0add59e62ac25578270cff1b9f619":1000,"0x1BFD67037B42Cf73acF2047067bd4F2C47D9BfD6":2500,"0xb33eaad8d922b1083446dc23f610c2567fb5180f":1000,"0xd6df932a45c0f255f85145f286ea0b292b21c90b":1000,"0x0d500b1d8e8ef31e21c99d1db9a6444d3adf1270":1000,"0x9c2C5fd7b07E95EE044DDeba0E97a665F142394f":500,"0x172370d5cd63279efa6d502dab29171933a610af":1000,"0xc3c7d422809852031b44ab29eec9f1eff2a58756":500,"0x2791Bca1f2de4661ED88A30C99A7a9449Aa84174":250}[0m["◎ **************************************************************************"]
Rebalance Portfolio
[0mCheck Gas and Recharge
[0m["✓ Address: 0x84F07be28ecd5b29Df340be8b065A6113a8e893e has 3.373083603064428404 MATIC"]
["✓ Address: 0x84F07be28ecd5b29Df340be8b065A6113a8e893e has 18.465866613897656543 WMATIC"]
["✓ Address: 0x84F07be28ecd5b29Df340be8b065A6113a8e893e has 1.471784 USDC"]
BALANCE WNATIVE18.465866613897656543BALANCE NATIVE3.373083603064428404["◎ Fee recharge operation completed"]
["✓ Address: 0x84F07be28ecd5b29Df340be8b065A6113a8e893e has 1.471784 USDC"]
Balance Yearn[0m1[0myvUSDC-A[0mBalance in vault[0m1125354[0mBalance in USDT[0m1092976[0mAccured interest[0m32378[0mUSDC[0m["✓ Accured interest Calculation DONE!"]
Difference Interest from last cycle[0m0.000004[0mTotal Portfolio Value (in USDT) at Start: [0m2.56476[0m["✓ Address: 0x84F07be28ecd5b29Df340be8b065A6113a8e893e has 1.530160779690982446 LINK"]
Token Symbol: LINK[0mToken: 0x53E0bca35eC356BD5ddDFebbD1Fc0fD03FaBad39[0mBalance:1.530160779690982446[0mPrice:13.41556793077205[0mValue:20.527975884947500042[0m["✓ Address: 0x84F07be28ecd5b29Df340be8b065A6113a8e893e has 0.007460346337505421 WETH"]
Token Symbol: WETH[0mToken: 0x7ceb23fd6bc0add59e62ac25578270cff1b9f619[0mBalance:0.007460346337505421[0mPrice:2230.804390596859[0mValue:16.64257336508028967[0m["✓ Address: 0x84F07be28ecd5b29Df340be8b065A6113a8e893e has 0.00090589 WBTC"]
Token Symbol: WBTC[0mToken: 0x1BFD67037B42Cf73acF2047067bd4F2C47D9BfD6[0mBalance:0.00090589[0mPrice:45749.70019777421[0mValue:41.444195912161679096[0m["✓ Address: 0x84F07be28ecd5b29Df340be8b065A6113a8e893e has 2.940792868586928906 UNI"]
Token Symbol: UNI[0mToken: 0xb33eaad8d922b1083446dc23f610c2567fb5180f[0mBalance:2.940792868586928906[0mPrice:5.724007249050754[0mValue:16.833119697748342445[0m["✓ Address: 0x84F07be28ecd5b29Df340be8b065A6113a8e893e has 0.176708036439800249 AAVE"]
Token Symbol: AAVE[0mToken: 0xd6df932a45c0f255f85145f286ea0b292b21c90b[0mBalance:0.176708036439800249[0mPrice:92.85702917431982[0mValue:16.40858329502730158[0m["✓ Address: 0x84F07be28ecd5b29Df340be8b065A6113a8e893e has 18.465866613897656543 WMATIC"]
Token Symbol: WMATIC[0mToken: 0x0d500b1d8e8ef31e21c99d1db9a6444d3adf1270[0mBalance:18.465866613897656543[0mPrice:0.781641[0mValue:14.433678445953578157[0m["✓ Address: 0x84F07be28ecd5b29Df340be8b065A6113a8e893e has 16.167992733012224907 1INCH"]
Token Symbol: 1INCH[0mToken: 0x9c2C5fd7b07E95EE044DDeba0E97a665F142394f[0mBalance:16.167992733012224907[0mPrice:0.4074653790430562[0mValue:6.587897287322204362[0m["✓ Address: 0x84F07be28ecd5b29Df340be8b065A6113a8e893e has 33.521164248030287024 CRV"]
Token Symbol: CRV[0mToken: 0x172370d5cd63279efa6d502dab29171933a610af[0mBalance:33.521164248030287024[0mPrice:0.4978354654323772[0mValue:16.688024405253320412[0m["✓ Address: 0x84F07be28ecd5b29Df340be8b065A6113a8e893e has 2.55644821920662893 LDO"]
Token Symbol: LDO[0mToken: 0xc3c7d422809852031b44ab29eec9f1eff2a58756[0mBalance:2.55644821920662893[0mPrice:3.3072577151104077[0mValue:8.454833096251386275[0m["✓ Address: 0x84F07be28ecd5b29Df340be8b065A6113a8e893e has 1.471784 USDC"]
Total Portfolio Value (in USDT): [0m163.215157389745602039[0m["✓ Address: 0x84F07be28ecd5b29Df340be8b065A6113a8e893e has 1.530160779690982446 LINK"]
Token: 0x53E0bca35eC356BD5ddDFebbD1Fc0fD03FaBad39[0mCurrent Allocation: 1257%[0mDifference: -7%[0mValue (USD): 20.527975884947500042[0mValue to Rebalance (USD): 0.114250610172821921[0mBalance: 1.530160779690982446 LINK[0m["✓ Address: 0x84F07be28ecd5b29Df340be8b065A6113a8e893e has 0.007460346337505421 WETH"]
Token: 0x7ceb23fd6bc0add59e62ac25578270cff1b9f619[0mCurrent Allocation: 1019%[0mDifference: -19%[0mValue (USD): 16.64257336508028967[0mValue to Rebalance (USD): 0.310108799040516643[0mBalance: 0.007460346337505421 WETH[0m["✓ Address: 0x84F07be28ecd5b29Df340be8b065A6113a8e893e has 0.00090589 WBTC"]
Token: 0x1BFD67037B42Cf73acF2047067bd4F2C47D9BfD6[0mCurrent Allocation: 2539%[0mDifference: -39%[0mValue (USD): 41.444195912161679096[0mValue to Rebalance (USD): 0.636539113820007847[0mBalance: 0.00090589 WBTC[0m["✓ Address: 0x84F07be28ecd5b29Df340be8b065A6113a8e893e has 2.940792868586928906 UNI"]
Token: 0xb33eaad8d922b1083446dc23f610c2567fb5180f[0mCurrent Allocation: 1031%[0mDifference: -31%[0mValue (USD): 16.833119697748342445[0mValue to Rebalance (USD): 0.505966987908211366[0mBalance: 2.940792868586928906 UNI[0m["✓ Address: 0x84F07be28ecd5b29Df340be8b065A6113a8e893e has 0.176708036439800249 AAVE"]
Token: 0xd6df932a45c0f255f85145f286ea0b292b21c90b[0mCurrent Allocation: 1005%[0mDifference: -5%[0mValue (USD): 16.40858329502730158[0mValue to Rebalance (USD): 0.081607578694872801[0mBalance: 0.176708036439800249 AAVE[0m["✓ Address: 0x84F07be28ecd5b29Df340be8b065A6113a8e893e has 18.465866613897656543 WMATIC"]
Token: 0x0d500b1d8e8ef31e21c99d1db9a6444d3adf1270[0mCurrent Allocation: 884%[0mDifference: 116%[0mValue (USD): 14.433678445953578157[0mValue to Rebalance (USD): 1.893295825721048983[0mBalance: 18.465866613897656543 WMATIC[0m["✓ Address: 0x84F07be28ecd5b29Df340be8b065A6113a8e893e has 16.167992733012224907 1INCH"]
Token: 0x9c2C5fd7b07E95EE044DDeba0E97a665F142394f[0mCurrent Allocation: 403%[0mDifference: 97%[0mValue (USD): 6.587897287322204362[0mValue to Rebalance (USD): 1.583187026680532339[0mBalance: 16.167992733012224907 1INCH[0m["✓ Address: 0x84F07be28ecd5b29Df340be8b065A6113a8e893e has 33.521164248030287024 CRV"]
Token: 0x172370d5cd63279efa6d502dab29171933a610af[0mCurrent Allocation: 1022%[0mDifference: -22%[0mValue (USD): 16.688024405253320412[0mValue to Rebalance (USD): 0.359073346257440324[0mBalance: 33.521164248030287024 CRV[0m["✓ Address: 0x84F07be28ecd5b29Df340be8b065A6113a8e893e has 2.55644821920662893 LDO"]
Token: 0xc3c7d422809852031b44ab29eec9f1eff2a58756[0mCurrent Allocation: 518%[0mDifference: -18%[0mValue (USD): 8.454833096251386275[0mValue to Rebalance (USD): 0.293787283301542083[0mBalance: 2.55644821920662893 LDO[0m["✓ Address: 0x84F07be28ecd5b29Df340be8b065A6113a8e893e has 1.471784 USDC"]
Token: 0x2791Bca1f2de4661ED88A30C99A7a9449Aa84174[0mCurrent Allocation: 161%[0mDifference: 89%[0mValue (USD): 2.629516[0mValue to Rebalance (USD): 1.452614900768735858[0mBalance: 1.471784 USDC[0m["✓ Address: 0x84F07be28ecd5b29Df340be8b065A6113a8e893e has 1.471784 USDC"]
["ℹ Buying 1.893295 USDC worth of 0x0d500b1d8e8ef31e21c99d1db9a6444d3adf1270"]
Getting RSI for:MATICRSI:82.46StochasticRSI:100["✓ Address: 0x84F07be28ecd5b29Df340be8b065A6113a8e893e has 1.471784 USDC"]
Amount to Swap 1135977[0mUsd Balance 1471784[0m["⚠ Waiting for StochRSI OverSold"]
["ℹ Buying 1.583187 USDC worth of 0x9c2C5fd7b07E95EE044DDeba0E97a665F142394f"]
Getting RSI for:1INCHRSI:72.35StochasticRSI:100["✓ Address: 0x84F07be28ecd5b29Df340be8b065A6113a8e893e has 1.471784 USDC"]
Amount to Swap 949912[0mUsd Balance 1471784[0m["⚠ Waiting for StochRSI OverSold"]
["◎ SKIP USDC BUY"]
["✓ Rebalance completed."]
["◎ Checking portfolio"]
KST:{"cross":false,"direction":"none"}["◎ Getting price data from: https://api.coingecko.com/api/v3/coins/bitcoin/market_chart/range?vs_currency=usd&from=1697049037&to=1704825037"]
["ℹ Got 2159 data points"]
["ℹ Prediction for Tue Jan 09 2024 19:00:40 GMT+0100 (Ora standard dell’Europa centrale): 46474.3671875"]
["◎  🌐 Actual price:"]
["✓ 46806.0321359157"]
["◎  📈 Predicted price:"]
["✓ 46474.3671875"]
Signal AI:downKST trend:noneKST cross:falseTrend:trueSelected weights:[0m{"0x53E0bca35eC356BD5ddDFebbD1Fc0fD03FaBad39":1250,"0x7ceb23fd6bc0add59e62ac25578270cff1b9f619":1000,"0x1BFD67037B42Cf73acF2047067bd4F2C47D9BfD6":2500,"0xb33eaad8d922b1083446dc23f610c2567fb5180f":1000,"0xd6df932a45c0f255f85145f286ea0b292b21c90b":1000,"0x0d500b1d8e8ef31e21c99d1db9a6444d3adf1270":1000,"0x9c2C5fd7b07E95EE044DDeba0E97a665F142394f":500,"0x172370d5cd63279efa6d502dab29171933a610af":1000,"0xc3c7d422809852031b44ab29eec9f1eff2a58756":500,"0x2791Bca1f2de4661ED88A30C99A7a9449Aa84174":250}[0m["◎ **************************************************************************"]
Rebalance Portfolio
[0mCheck Gas and Recharge
[0m["✓ Address: 0x84F07be28ecd5b29Df340be8b065A6113a8e893e has 3.373083603064428404 MATIC"]
["✓ Address: 0x84F07be28ecd5b29Df340be8b065A6113a8e893e has 18.465866613897656543 WMATIC"]
["✓ Address: 0x84F07be28ecd5b29Df340be8b065A6113a8e893e has 1.471784 USDC"]
BALANCE WNATIVE18.465866613897656543BALANCE NATIVE3.373083603064428404["◎ Fee recharge operation completed"]
["✓ Address: 0x84F07be28ecd5b29Df340be8b065A6113a8e893e has 1.471784 USDC"]
Balance Yearn[0m1[0myvUSDC-A[0mBalance in vault[0m1125354[0mBalance in USDT[0m1092972[0mAccured interest[0m32382[0mUSDC[0m["✓ Accured interest Calculation DONE!"]
Difference Interest from last cycle[0m0.000004[0mTotal Portfolio Value (in USDT) at Start: [0m2.564756[0m["✓ Address: 0x84F07be28ecd5b29Df340be8b065A6113a8e893e has 1.530160779690982446 LINK"]
Token Symbol: LINK[0mToken: 0x53E0bca35eC356BD5ddDFebbD1Fc0fD03FaBad39[0mBalance:1.530160779690982446[0mPrice:13.414386319908013[0mValue:20.526167830346493851[0m["✓ Address: 0x84F07be28ecd5b29Df340be8b065A6113a8e893e has 0.007460346337505421 WETH"]
Token Symbol: WETH[0mToken: 0x7ceb23fd6bc0add59e62ac25578270cff1b9f619[0mBalance:0.007460346337505421[0mPrice:2229.883527495658[0mValue:16.635703407415900906[0m["✓ Address: 0x84F07be28ecd5b29Df340be8b065A6113a8e893e has 0.00090589 WBTC"]
Token Symbol: WBTC[0mToken: 0x1BFD67037B42Cf73acF2047067bd4F2C47D9BfD6[0mBalance:0.00090589[0mPrice:45749.9749478816[0mValue:41.444444805536462624[0m["✓ Address: 0x84F07be28ecd5b29Df340be8b065A6113a8e893e has 2.940792868586928906 UNI"]
Token Symbol: UNI[0mToken: 0xb33eaad8d922b1083446dc23f610c2567fb5180f[0mBalance:2.940792868586928906[0mPrice:5.724602223371333[0mValue:16.834869393987293522[0m["✓ Address: 0x84F07be28ecd5b29Df340be8b065A6113a8e893e has 0.176708036439800249 AAVE"]
Token Symbol: AAVE[0mToken: 0xd6df932a45c0f255f85145f286ea0b292b21c90b[0mBalance:0.176708036439800249[0mPrice:92.88445452868508[0mValue:16.413429575545852379[0m["✓ Address: 0x84F07be28ecd5b29Df340be8b065A6113a8e893e has 18.465866613897656543 WMATIC"]
Token Symbol: WMATIC[0mToken: 0x0d500b1d8e8ef31e21c99d1db9a6444d3adf1270[0mBalance:18.465866613897656543[0mPrice:0.781974[0mValue:14.439827579536006077[0m